<?xml version="1.0" encoding="UTF-8"?>
<robot generator="Robot 4.1.3 (Python 3.10.2 on win32)" generated="20220422 13:37:40.717" rpa="false" schemaversion="2">
<suite id="s1" name="Tests" source="C:\Users\Elielson\Documents\parodifood\tests">
<suite id="s1-s1" name="Busca" source="C:\Users\Elielson\Documents\parodifood\tests\busca.robot">
<test id="s1-s1-t1" name="Deve buscar um único restaurante">
<kw name="Start Session" library="base" type="SETUP">
<kw name="New Browser" library="Browser">
<arg>browser=chromium</arg>
<arg>headless=false</arg>
<tag>BrowserControl</tag>
<tag>Setter</tag>
<doc>Create a new playwright Browser with specified options.</doc>
<msg timestamp="20220422 13:37:42.118" level="INFO">{"browser": "chromium", "headless": false, "handleSIGINT": true, "handleSIGTERM": true, "handleSIGHUP": true, "timeout": 30000.0, "devtools": false, "slowMo": 0.0, "tracesDir": "C:\\Users\\Elielson\\Documents\\parodifood\\log\\browser\\traces\\415f400d-f60f-4fbc-9835-edc971ba9493"}</msg>
<msg timestamp="20220422 13:37:44.099" level="INFO">Successfully created browser with options: {"browser":"chromium","headless":false,"handleSIGINT":true,"handleSIGTERM":true,"handleSIGHUP":true,"timeout":30000,"devtools":false,"slowMo":0,"tracesDir":"C:\\Users\\Elielson\\Documents\\parodifood\\log\\browser\\traces\\415f400d-f60f-4fbc-9835-edc971ba9493"}</msg>
<status status="PASS" starttime="20220422 13:37:42.117" endtime="20220422 13:37:44.100"/>
</kw>
<kw name="New Page" library="Browser">
<arg>https://parodifood.herokuapp.com/</arg>
<tag>BrowserControl</tag>
<tag>Setter</tag>
<doc>Open a new Page.</doc>
<msg timestamp="20220422 13:37:47.674" level="INFO">Successfully initialized new page object and opened url: https://parodifood.herokuapp.com/</msg>
<msg timestamp="20220422 13:37:47.674" level="INFO">No context was open. New context was automatically opened when this page is created.</msg>
<status status="PASS" starttime="20220422 13:37:44.100" endtime="20220422 13:37:47.675"/>
</kw>
<kw name="Get Text" library="Browser">
<arg>xpath=//span[contains(.,'Nunca foi tão engraçado pedir comida')]</arg>
<arg>contains</arg>
<arg>Nunca foi tão engraçado pedir comida</arg>
<tag>Assertion</tag>
<tag>Getter</tag>
<tag>PageContent</tag>
<doc>Returns text attribute of the element found by ``selector``.</doc>
<status status="PASS" starttime="20220422 13:37:47.676" endtime="20220422 13:37:47.930"/>
</kw>
<status status="PASS" starttime="20220422 13:37:42.117" endtime="20220422 13:37:47.930"/>
</kw>
<kw name="Go To Restaurant" library="search">
<kw name="Click" library="Browser">
<arg>text=Estou com fome!</arg>
<tag>PageContent</tag>
<tag>Setter</tag>
<doc>Simulates mouse click on the element found by ``selector``.</doc>
<status status="PASS" starttime="20220422 13:37:47.932" endtime="20220422 13:37:48.105"/>
</kw>
<kw name="Get Text" library="Browser">
<arg>h1 strong</arg>
<arg>contains</arg>
<arg>Ta na hora de matar a fome!</arg>
<tag>Assertion</tag>
<tag>Getter</tag>
<tag>PageContent</tag>
<doc>Returns text attribute of the element found by ``selector``.</doc>
<status status="PASS" starttime="20220422 13:37:48.106" endtime="20220422 13:37:48.141"/>
</kw>
<status status="PASS" starttime="20220422 13:37:47.931" endtime="20220422 13:37:48.142"/>
</kw>
<kw name="Search By" library="search">
<arg>DEBUGER</arg>
<kw name="Click" library="Browser">
<arg>css=.search-link</arg>
<tag>PageContent</tag>
<tag>Setter</tag>
<doc>Simulates mouse click on the element found by ``selector``.</doc>
<status status="PASS" starttime="20220422 13:37:48.143" endtime="20220422 13:37:48.217"/>
</kw>
<kw name="Fill Text" library="Browser">
<arg>css=input[formcontrolname="searchControl"]</arg>
<arg>${value}</arg>
<tag>PageContent</tag>
<tag>Setter</tag>
<doc>Clears and fills the given ``txt`` into the text field found by ``selector``.</doc>
<msg timestamp="20220422 13:37:48.217" level="INFO">Fills the text 'DEBUGER' in the given field.</msg>
<status status="PASS" starttime="20220422 13:37:48.217" endtime="20220422 13:37:48.331"/>
</kw>
<status status="PASS" starttime="20220422 13:37:48.142" endtime="20220422 13:37:48.331"/>
</kw>
<kw name="Restaurant Should Be Visible" library="search">
<arg>DEBUGER KING</arg>
<kw name="Wait For Elements State" library="Browser">
<arg>${DIV_BOX_RESTAURANT}</arg>
<arg>visible</arg>
<arg>${DEFAULT_TIMEOUT}</arg>
<tag>PageContent</tag>
<tag>Wait</tag>
<doc>Waits for the element found by ``selector`` to satisfy state option.</doc>
<msg timestamp="20220422 13:37:49.338" level="INFO">Waited for Element with selector css=div[class="place-info-box"][style="opacity: 1;"] at state visible</msg>
<status status="PASS" starttime="20220422 13:37:48.333" endtime="20220422 13:37:49.339"/>
</kw>
<kw name="Get Text" library="Browser">
<arg>${INFO_BOX}</arg>
<arg>contains</arg>
<arg>${name}</arg>
<tag>Assertion</tag>
<tag>Getter</tag>
<tag>PageContent</tag>
<doc>Returns text attribute of the element found by ``selector``.</doc>
<status status="PASS" starttime="20220422 13:37:49.339" endtime="20220422 13:37:49.365"/>
</kw>
<status status="PASS" starttime="20220422 13:37:48.332" endtime="20220422 13:37:49.365"/>
</kw>
<kw name="Restaurant Count Should Be" library="search">
<arg>1</arg>
<kw name="Get Element Count" library="Browser">
<arg>${INFO_BOX}</arg>
<arg>equal</arg>
<arg>${qtd}</arg>
<tag>Assertion</tag>
<tag>Getter</tag>
<tag>PageContent</tag>
<doc>Returns the count of elements found with ``selector``.</doc>
<status status="PASS" starttime="20220422 13:37:49.367" endtime="20220422 13:37:49.377"/>
</kw>
<status status="PASS" starttime="20220422 13:37:49.366" endtime="20220422 13:37:49.378"/>
</kw>
<kw name="Take Screenshot" library="Browser" type="TEARDOWN">
<tag>PageContent</tag>
<doc>Takes a screenshot of the current window or element and saves it to disk.</doc>
<msg timestamp="20220422 13:37:49.530" level="INFO" html="true">&lt;/td&gt;&lt;/tr&gt;&lt;tr&gt;&lt;td colspan="3"&gt;&lt;a href="browser/screenshot/robotframework-browser-screenshot-1.png"&gt;&lt;img src="browser/screenshot/robotframework-browser-screenshot-1.png" width="800px"&gt;&lt;/a&gt;</msg>
<status status="PASS" starttime="20220422 13:37:49.378" endtime="20220422 13:37:49.530"/>
</kw>
<status status="PASS" starttime="20220422 13:37:42.112" endtime="20220422 13:37:49.531"/>
</test>
<test id="s1-s1-t2" name="Deve buscar por categoria">
<kw name="Start Session" library="base" type="SETUP">
<kw name="New Browser" library="Browser">
<arg>browser=chromium</arg>
<arg>headless=false</arg>
<tag>BrowserControl</tag>
<tag>Setter</tag>
<doc>Create a new playwright Browser with specified options.</doc>
<msg timestamp="20220422 13:37:49.647" level="INFO">{"browser": "chromium", "headless": false, "handleSIGINT": true, "handleSIGTERM": true, "handleSIGHUP": true, "timeout": 30000.0, "devtools": false, "slowMo": 0.0, "tracesDir": "C:\\Users\\Elielson\\Documents\\parodifood\\log\\browser\\traces\\8155322d-af27-4aa9-bb4c-d49717b823ee"}</msg>
<msg timestamp="20220422 13:37:51.367" level="INFO">Successfully created browser with options: {"browser":"chromium","headless":false,"handleSIGINT":true,"handleSIGTERM":true,"handleSIGHUP":true,"timeout":30000,"devtools":false,"slowMo":0,"tracesDir":"C:\\Users\\Elielson\\Documents\\parodifood\\log\\browser\\traces\\8155322d-af27-4aa9-bb4c-d49717b823ee"}</msg>
<status status="PASS" starttime="20220422 13:37:49.646" endtime="20220422 13:37:51.367"/>
</kw>
<kw name="New Page" library="Browser">
<arg>https://parodifood.herokuapp.com/</arg>
<tag>BrowserControl</tag>
<tag>Setter</tag>
<doc>Open a new Page.</doc>
<msg timestamp="20220422 13:37:54.779" level="INFO">Successfully initialized new page object and opened url: https://parodifood.herokuapp.com/</msg>
<msg timestamp="20220422 13:37:54.779" level="INFO">No context was open. New context was automatically opened when this page is created.</msg>
<status status="PASS" starttime="20220422 13:37:51.368" endtime="20220422 13:37:54.779"/>
</kw>
<kw name="Get Text" library="Browser">
<arg>xpath=//span[contains(.,'Nunca foi tão engraçado pedir comida')]</arg>
<arg>contains</arg>
<arg>Nunca foi tão engraçado pedir comida</arg>
<tag>Assertion</tag>
<tag>Getter</tag>
<tag>PageContent</tag>
<doc>Returns text attribute of the element found by ``selector``.</doc>
<status status="PASS" starttime="20220422 13:37:54.780" endtime="20220422 13:37:55.001"/>
</kw>
<status status="PASS" starttime="20220422 13:37:49.645" endtime="20220422 13:37:55.001"/>
</kw>
<kw name="Go To Restaurant" library="search">
<kw name="Click" library="Browser">
<arg>text=Estou com fome!</arg>
<tag>PageContent</tag>
<tag>Setter</tag>
<doc>Simulates mouse click on the element found by ``selector``.</doc>
<status status="PASS" starttime="20220422 13:37:55.002" endtime="20220422 13:37:55.131"/>
</kw>
<kw name="Get Text" library="Browser">
<arg>h1 strong</arg>
<arg>contains</arg>
<arg>Ta na hora de matar a fome!</arg>
<tag>Assertion</tag>
<tag>Getter</tag>
<tag>PageContent</tag>
<doc>Returns text attribute of the element found by ``selector``.</doc>
<status status="PASS" starttime="20220422 13:37:55.132" endtime="20220422 13:37:55.158"/>
</kw>
<status status="PASS" starttime="20220422 13:37:55.002" endtime="20220422 13:37:55.159"/>
</kw>
<kw name="Search By" library="search">
<arg>Cafe</arg>
<kw name="Click" library="Browser">
<arg>css=.search-link</arg>
<tag>PageContent</tag>
<tag>Setter</tag>
<doc>Simulates mouse click on the element found by ``selector``.</doc>
<status status="PASS" starttime="20220422 13:37:55.161" endtime="20220422 13:37:55.232"/>
</kw>
<kw name="Fill Text" library="Browser">
<arg>css=input[formcontrolname="searchControl"]</arg>
<arg>${value}</arg>
<tag>PageContent</tag>
<tag>Setter</tag>
<doc>Clears and fills the given ``txt`` into the text field found by ``selector``.</doc>
<msg timestamp="20220422 13:37:55.233" level="INFO">Fills the text 'Cafe' in the given field.</msg>
<status status="PASS" starttime="20220422 13:37:55.233" endtime="20220422 13:37:55.327"/>
</kw>
<status status="PASS" starttime="20220422 13:37:55.160" endtime="20220422 13:37:55.328"/>
</kw>
<kw name="Restaurant Should Be Visible" library="search">
<arg>STARBUGS COFFEE</arg>
<kw name="Wait For Elements State" library="Browser">
<arg>${DIV_BOX_RESTAURANT}</arg>
<arg>visible</arg>
<arg>${DEFAULT_TIMEOUT}</arg>
<tag>PageContent</tag>
<tag>Wait</tag>
<doc>Waits for the element found by ``selector`` to satisfy state option.</doc>
<msg timestamp="20220422 13:37:56.384" level="INFO">Waited for Element with selector css=div[class="place-info-box"][style="opacity: 1;"] at state visible</msg>
<status status="PASS" starttime="20220422 13:37:55.331" endtime="20220422 13:37:56.385"/>
</kw>
<kw name="Get Text" library="Browser">
<arg>${INFO_BOX}</arg>
<arg>contains</arg>
<arg>${name}</arg>
<tag>Assertion</tag>
<tag>Getter</tag>
<tag>PageContent</tag>
<doc>Returns text attribute of the element found by ``selector``.</doc>
<status status="PASS" starttime="20220422 13:37:56.385" endtime="20220422 13:37:56.415"/>
</kw>
<status status="PASS" starttime="20220422 13:37:55.331" endtime="20220422 13:37:56.416"/>
</kw>
<kw name="Restaurant Count Should Be" library="search">
<arg>1</arg>
<kw name="Get Element Count" library="Browser">
<arg>${INFO_BOX}</arg>
<arg>equal</arg>
<arg>${qtd}</arg>
<tag>Assertion</tag>
<tag>Getter</tag>
<tag>PageContent</tag>
<doc>Returns the count of elements found with ``selector``.</doc>
<status status="PASS" starttime="20220422 13:37:56.418" endtime="20220422 13:37:56.427"/>
</kw>
<status status="PASS" starttime="20220422 13:37:56.417" endtime="20220422 13:37:56.427"/>
</kw>
<kw name="Take Screenshot" library="Browser" type="TEARDOWN">
<tag>PageContent</tag>
<doc>Takes a screenshot of the current window or element and saves it to disk.</doc>
<msg timestamp="20220422 13:37:56.602" level="INFO" html="true">&lt;/td&gt;&lt;/tr&gt;&lt;tr&gt;&lt;td colspan="3"&gt;&lt;a href="browser/screenshot/robotframework-browser-screenshot-2.png"&gt;&lt;img src="browser/screenshot/robotframework-browser-screenshot-2.png" width="800px"&gt;&lt;/a&gt;</msg>
<status status="PASS" starttime="20220422 13:37:56.428" endtime="20220422 13:37:56.603"/>
</kw>
<status status="PASS" starttime="20220422 13:37:49.635" endtime="20220422 13:37:56.603"/>
</test>
<test id="s1-s1-t3" name="Deve buscar todos os restaurantes">
<kw name="Start Session" library="base" type="SETUP">
<kw name="New Browser" library="Browser">
<arg>browser=chromium</arg>
<arg>headless=false</arg>
<tag>BrowserControl</tag>
<tag>Setter</tag>
<doc>Create a new playwright Browser with specified options.</doc>
<msg timestamp="20220422 13:37:56.694" level="INFO">{"browser": "chromium", "headless": false, "handleSIGINT": true, "handleSIGTERM": true, "handleSIGHUP": true, "timeout": 30000.0, "devtools": false, "slowMo": 0.0, "tracesDir": "C:\\Users\\Elielson\\Documents\\parodifood\\log\\browser\\traces\\d8cedaa3-fa8f-4dd2-a2b6-9cd4db426f23"}</msg>
<msg timestamp="20220422 13:37:58.361" level="INFO">Successfully created browser with options: {"browser":"chromium","headless":false,"handleSIGINT":true,"handleSIGTERM":true,"handleSIGHUP":true,"timeout":30000,"devtools":false,"slowMo":0,"tracesDir":"C:\\Users\\Elielson\\Documents\\parodifood\\log\\browser\\traces\\d8cedaa3-fa8f-4dd2-a2b6-9cd4db426f23"}</msg>
<status status="PASS" starttime="20220422 13:37:56.693" endtime="20220422 13:37:58.362"/>
</kw>
<kw name="New Page" library="Browser">
<arg>https://parodifood.herokuapp.com/</arg>
<tag>BrowserControl</tag>
<tag>Setter</tag>
<doc>Open a new Page.</doc>
<msg timestamp="20220422 13:38:01.640" level="INFO">Successfully initialized new page object and opened url: https://parodifood.herokuapp.com/</msg>
<msg timestamp="20220422 13:38:01.640" level="INFO">No context was open. New context was automatically opened when this page is created.</msg>
<status status="PASS" starttime="20220422 13:37:58.362" endtime="20220422 13:38:01.640"/>
</kw>
<kw name="Get Text" library="Browser">
<arg>xpath=//span[contains(.,'Nunca foi tão engraçado pedir comida')]</arg>
<arg>contains</arg>
<arg>Nunca foi tão engraçado pedir comida</arg>
<tag>Assertion</tag>
<tag>Getter</tag>
<tag>PageContent</tag>
<doc>Returns text attribute of the element found by ``selector``.</doc>
<status status="PASS" starttime="20220422 13:38:01.641" endtime="20220422 13:38:01.844"/>
</kw>
<status status="PASS" starttime="20220422 13:37:56.692" endtime="20220422 13:38:01.845"/>
</kw>
<kw name="Go To Restaurant" library="search">
<kw name="Click" library="Browser">
<arg>text=Estou com fome!</arg>
<tag>PageContent</tag>
<tag>Setter</tag>
<doc>Simulates mouse click on the element found by ``selector``.</doc>
<status status="PASS" starttime="20220422 13:38:01.846" endtime="20220422 13:38:01.976"/>
</kw>
<kw name="Get Text" library="Browser">
<arg>h1 strong</arg>
<arg>contains</arg>
<arg>Ta na hora de matar a fome!</arg>
<tag>Assertion</tag>
<tag>Getter</tag>
<tag>PageContent</tag>
<doc>Returns text attribute of the element found by ``selector``.</doc>
<status status="PASS" starttime="20220422 13:38:01.976" endtime="20220422 13:38:01.995"/>
</kw>
<status status="PASS" starttime="20220422 13:38:01.846" endtime="20220422 13:38:01.995"/>
</kw>
<kw name="Search By" library="search">
<arg>a</arg>
<kw name="Click" library="Browser">
<arg>css=.search-link</arg>
<tag>PageContent</tag>
<tag>Setter</tag>
<doc>Simulates mouse click on the element found by ``selector``.</doc>
<status status="PASS" starttime="20220422 13:38:01.997" endtime="20220422 13:38:02.048"/>
</kw>
<kw name="Fill Text" library="Browser">
<arg>css=input[formcontrolname="searchControl"]</arg>
<arg>${value}</arg>
<tag>PageContent</tag>
<tag>Setter</tag>
<doc>Clears and fills the given ``txt`` into the text field found by ``selector``.</doc>
<msg timestamp="20220422 13:38:02.049" level="INFO">Fills the text 'a' in the given field.</msg>
<status status="PASS" starttime="20220422 13:38:02.049" endtime="20220422 13:38:02.079"/>
</kw>
<status status="PASS" starttime="20220422 13:38:01.996" endtime="20220422 13:38:02.079"/>
</kw>
<kw name="Restaurant Count Should Be" library="search">
<arg>5</arg>
<kw name="Get Element Count" library="Browser">
<arg>${INFO_BOX}</arg>
<arg>equal</arg>
<arg>${qtd}</arg>
<tag>Assertion</tag>
<tag>Getter</tag>
<tag>PageContent</tag>
<doc>Returns the count of elements found with ``selector``.</doc>
<status status="PASS" starttime="20220422 13:38:02.081" endtime="20220422 13:38:02.160"/>
</kw>
<status status="PASS" starttime="20220422 13:38:02.080" endtime="20220422 13:38:02.161"/>
</kw>
<kw name="Take Screenshot" library="Browser" type="TEARDOWN">
<tag>PageContent</tag>
<doc>Takes a screenshot of the current window or element and saves it to disk.</doc>
<msg timestamp="20220422 13:38:02.556" level="INFO" html="true">&lt;/td&gt;&lt;/tr&gt;&lt;tr&gt;&lt;td colspan="3"&gt;&lt;a href="browser/screenshot/robotframework-browser-screenshot-3.png"&gt;&lt;img src="browser/screenshot/robotframework-browser-screenshot-3.png" width="800px"&gt;&lt;/a&gt;</msg>
<status status="PASS" starttime="20220422 13:38:02.162" endtime="20220422 13:38:02.556"/>
</kw>
<status status="PASS" starttime="20220422 13:37:56.688" endtime="20220422 13:38:02.557"/>
</test>
<status status="PASS" starttime="20220422 13:37:40.752" endtime="20220422 13:38:02.819"/>
</suite>
<suite id="s1-s2" name="Carrinho" source="C:\Users\Elielson\Documents\parodifood\tests\carrinho.robot">
<test id="s1-s2-t1" name="Deve adicionar um item ao carrinho">
<kw name="Start Session" library="base" type="SETUP">
<kw name="New Browser" library="Browser">
<arg>browser=chromium</arg>
<arg>headless=false</arg>
<tag>BrowserControl</tag>
<tag>Setter</tag>
<doc>Create a new playwright Browser with specified options.</doc>
<msg timestamp="20220422 13:38:02.866" level="INFO">{"browser": "chromium", "headless": false, "handleSIGINT": true, "handleSIGTERM": true, "handleSIGHUP": true, "timeout": 30000.0, "devtools": false, "slowMo": 0.0, "tracesDir": "C:\\Users\\Elielson\\Documents\\parodifood\\log\\browser\\traces\\276cdd54-dcc0-4b65-99ee-32d6a9caffcd"}</msg>
<msg timestamp="20220422 13:38:04.573" level="INFO">Successfully created browser with options: {"browser":"chromium","headless":false,"handleSIGINT":true,"handleSIGTERM":true,"handleSIGHUP":true,"timeout":30000,"devtools":false,"slowMo":0,"tracesDir":"C:\\Users\\Elielson\\Documents\\parodifood\\log\\browser\\traces\\276cdd54-dcc0-4b65-99ee-32d6a9caffcd"}</msg>
<status status="PASS" starttime="20220422 13:38:02.864" endtime="20220422 13:38:04.573"/>
</kw>
<kw name="New Page" library="Browser">
<arg>https://parodifood.herokuapp.com/</arg>
<tag>BrowserControl</tag>
<tag>Setter</tag>
<doc>Open a new Page.</doc>
<msg timestamp="20220422 13:38:08.164" level="INFO">Successfully initialized new page object and opened url: https://parodifood.herokuapp.com/</msg>
<msg timestamp="20220422 13:38:08.164" level="INFO">No context was open. New context was automatically opened when this page is created.</msg>
<status status="PASS" starttime="20220422 13:38:04.573" endtime="20220422 13:38:08.164"/>
</kw>
<kw name="Get Text" library="Browser">
<arg>xpath=//span[contains(.,'Nunca foi tão engraçado pedir comida')]</arg>
<arg>contains</arg>
<arg>Nunca foi tão engraçado pedir comida</arg>
<tag>Assertion</tag>
<tag>Getter</tag>
<tag>PageContent</tag>
<doc>Returns text attribute of the element found by ``selector``.</doc>
<status status="PASS" starttime="20220422 13:38:08.165" endtime="20220422 13:38:08.380"/>
</kw>
<status status="PASS" starttime="20220422 13:38:02.864" endtime="20220422 13:38:08.380"/>
</kw>
<kw name="Create Dictionary" library="BuiltIn">
<var>&amp;{restaurant}</var>
<arg>restaurant=STARBUGS COFFEE</arg>
<arg>desc=Nada melhor que um café pra te ajudar a resolver um bug.</arg>
<doc>Creates and returns a dictionary based on the given ``items``.</doc>
<msg timestamp="20220422 13:38:08.381" level="INFO">&amp;{restaurant} = { restaurant=STARBUGS COFFEE | desc=Nada melhor que um café pra te ajudar a resolver um bug. }</msg>
<status status="PASS" starttime="20220422 13:38:08.381" endtime="20220422 13:38:08.382"/>
</kw>
<kw name="Go To Restaurant" library="search">
<kw name="Click" library="Browser">
<arg>text=Estou com fome!</arg>
<tag>PageContent</tag>
<tag>Setter</tag>
<doc>Simulates mouse click on the element found by ``selector``.</doc>
<status status="PASS" starttime="20220422 13:38:08.383" endtime="20220422 13:38:08.537"/>
</kw>
<kw name="Get Text" library="Browser">
<arg>h1 strong</arg>
<arg>contains</arg>
<arg>Ta na hora de matar a fome!</arg>
<tag>Assertion</tag>
<tag>Getter</tag>
<tag>PageContent</tag>
<doc>Returns text attribute of the element found by ``selector``.</doc>
<status status="PASS" starttime="20220422 13:38:08.537" endtime="20220422 13:38:08.559"/>
</kw>
<status status="PASS" starttime="20220422 13:38:08.383" endtime="20220422 13:38:08.559"/>
</kw>
<kw name="Choose Restaurant" library="search">
<arg>${restaurant}</arg>
<kw name="Click" library="Browser">
<arg>text=${super_var["restaurant"]}</arg>
<arg>force=true</arg>
<tag>PageContent</tag>
<tag>Setter</tag>
<doc>Simulates mouse click on the element found by ``selector``.</doc>
<status status="PASS" starttime="20220422 13:38:08.560" endtime="20220422 13:38:08.855"/>
</kw>
<kw name="Wait For Elements State" library="Browser">
<arg>css=#detail</arg>
<arg>visible</arg>
<arg>${DEFAULT_TIMEOUT}</arg>
<tag>PageContent</tag>
<tag>Wait</tag>
<doc>Waits for the element found by ``selector`` to satisfy state option.</doc>
<msg timestamp="20220422 13:38:08.892" level="INFO">Waited for Element with selector css=#detail at state visible</msg>
<status status="PASS" starttime="20220422 13:38:08.856" endtime="20220422 13:38:08.892"/>
</kw>
<kw name="Get Text" library="Browser">
<arg>css=#detail</arg>
<arg>contains</arg>
<arg>${super_var["desc"]}</arg>
<tag>Assertion</tag>
<tag>Getter</tag>
<tag>PageContent</tag>
<doc>Returns text attribute of the element found by ``selector``.</doc>
<status status="PASS" starttime="20220422 13:38:08.892" endtime="20220422 13:38:09.148"/>
</kw>
<status status="PASS" starttime="20220422 13:38:08.559" endtime="20220422 13:38:09.148"/>
</kw>
<kw name="Add To Cart" library="cart">
<arg>Starbugs 500 error</arg>
<kw name="Click" library="Browser">
<arg>xpath=//span[text()="${name}"]/..//a[@class="add-to-cart"]</arg>
<tag>PageContent</tag>
<tag>Setter</tag>
<doc>Simulates mouse click on the element found by ``selector``.</doc>
<status status="PASS" starttime="20220422 13:38:09.150" endtime="20220422 13:38:09.502"/>
</kw>
<status status="PASS" starttime="20220422 13:38:09.149" endtime="20220422 13:38:09.503"/>
</kw>
<kw name="Should Add To Cart" library="cart">
<arg>Starbugs 500 error</arg>
<kw name="Wait For Elements State" library="Browser">
<arg>css=#cart tr &gt;&gt; text=${name}</arg>
<arg>visible</arg>
<arg>${DEFAULT_TIMEOUT}</arg>
<tag>PageContent</tag>
<tag>Wait</tag>
<doc>Waits for the element found by ``selector`` to satisfy state option.</doc>
<msg timestamp="20220422 13:38:09.532" level="INFO">Waited for Element with selector css=#cart tr &gt;&gt; text=Starbugs 500 error at state visible</msg>
<status status="PASS" starttime="20220422 13:38:09.508" endtime="20220422 13:38:09.533"/>
</kw>
<status status="PASS" starttime="20220422 13:38:09.506" endtime="20220422 13:38:09.533"/>
</kw>
<kw name="Total Cart Should Be" library="cart">
<arg>15,60</arg>
<kw name="Log" library="BuiltIn">
<arg>${total}</arg>
<doc>Logs the given message with the given level.</doc>
<msg timestamp="20220422 13:38:09.535" level="INFO">15,60</msg>
<status status="PASS" starttime="20220422 13:38:09.535" endtime="20220422 13:38:09.535"/>
</kw>
<kw name="Get Text" library="Browser">
<arg>xpath=//th[contains(text(),"Total")]/..//td</arg>
<arg>contains</arg>
<arg>${total}</arg>
<tag>Assertion</tag>
<tag>Getter</tag>
<tag>PageContent</tag>
<doc>Returns text attribute of the element found by ``selector``.</doc>
<status status="PASS" starttime="20220422 13:38:09.536" endtime="20220422 13:38:09.665"/>
</kw>
<status status="PASS" starttime="20220422 13:38:09.534" endtime="20220422 13:38:09.665"/>
</kw>
<kw name="Take Screenshot" library="Browser" type="TEARDOWN">
<tag>PageContent</tag>
<doc>Takes a screenshot of the current window or element and saves it to disk.</doc>
<msg timestamp="20220422 13:38:09.961" level="INFO" html="true">&lt;/td&gt;&lt;/tr&gt;&lt;tr&gt;&lt;td colspan="3"&gt;&lt;a href="browser/screenshot/robotframework-browser-screenshot-4.png"&gt;&lt;img src="browser/screenshot/robotframework-browser-screenshot-4.png" width="800px"&gt;&lt;/a&gt;</msg>
<status status="PASS" starttime="20220422 13:38:09.666" endtime="20220422 13:38:09.961"/>
</kw>
<status status="PASS" starttime="20220422 13:38:02.860" endtime="20220422 13:38:09.961"/>
</test>
<test id="s1-s2-t2" name="Deve adicionar 3 itens ao carrinho">
<kw name="Start Session" library="base" type="SETUP">
<kw name="New Browser" library="Browser">
<arg>browser=chromium</arg>
<arg>headless=false</arg>
<tag>BrowserControl</tag>
<tag>Setter</tag>
<doc>Create a new playwright Browser with specified options.</doc>
<msg timestamp="20220422 13:38:10.049" level="INFO">{"browser": "chromium", "headless": false, "handleSIGINT": true, "handleSIGTERM": true, "handleSIGHUP": true, "timeout": 30000.0, "devtools": false, "slowMo": 0.0, "tracesDir": "C:\\Users\\Elielson\\Documents\\parodifood\\log\\browser\\traces\\d7d1e24c-ef35-4ec4-8c90-b4157d27b0a8"}</msg>
<msg timestamp="20220422 13:38:12.401" level="INFO">Successfully created browser with options: {"browser":"chromium","headless":false,"handleSIGINT":true,"handleSIGTERM":true,"handleSIGHUP":true,"timeout":30000,"devtools":false,"slowMo":0,"tracesDir":"C:\\Users\\Elielson\\Documents\\parodifood\\log\\browser\\traces\\d7d1e24c-ef35-4ec4-8c90-b4157d27b0a8"}</msg>
<status status="PASS" starttime="20220422 13:38:10.048" endtime="20220422 13:38:12.402"/>
</kw>
<kw name="New Page" library="Browser">
<arg>https://parodifood.herokuapp.com/</arg>
<tag>BrowserControl</tag>
<tag>Setter</tag>
<doc>Open a new Page.</doc>
<msg timestamp="20220422 13:38:16.129" level="INFO">Successfully initialized new page object and opened url: https://parodifood.herokuapp.com/</msg>
<msg timestamp="20220422 13:38:16.129" level="INFO">No context was open. New context was automatically opened when this page is created.</msg>
<status status="PASS" starttime="20220422 13:38:12.404" endtime="20220422 13:38:16.130"/>
</kw>
<kw name="Get Text" library="Browser">
<arg>xpath=//span[contains(.,'Nunca foi tão engraçado pedir comida')]</arg>
<arg>contains</arg>
<arg>Nunca foi tão engraçado pedir comida</arg>
<tag>Assertion</tag>
<tag>Getter</tag>
<tag>PageContent</tag>
<doc>Returns text attribute of the element found by ``selector``.</doc>
<status status="PASS" starttime="20220422 13:38:16.130" endtime="20220422 13:38:16.333"/>
</kw>
<status status="PASS" starttime="20220422 13:38:10.047" endtime="20220422 13:38:16.333"/>
</kw>
<kw name="Get jSON" library="base">
<var>${cart_json}</var>
<arg>cart.json</arg>
<kw name="Get File" library="OperatingSystem">
<var>${file}</var>
<arg>${EXECDIR}/resources/fixtures/${file_name}</arg>
<doc>Returns the contents of a specified file.</doc>
<msg timestamp="20220422 13:38:16.335" level="INFO" html="true">Getting file '&lt;a href="file://C:\Users\Elielson\Documents\parodifood\resources\fixtures\cart.json"&gt;C:\Users\Elielson\Documents\parodifood\resources\fixtures\cart.json&lt;/a&gt;'.</msg>
<msg timestamp="20220422 13:38:16.335" level="INFO">${file} = 
{
    "restaurant": "STARBUGS COFFEE",
    "desc": "Nada melhor que um café pra te ajudar a resolver um bug.",
    "products":
     [
        {
             "name": "Cappuccino com Chantilly"
       ...</msg>
<status status="PASS" starttime="20220422 13:38:16.334" endtime="20220422 13:38:16.335"/>
</kw>
<kw name="Evaluate" library="BuiltIn">
<var>${super_var}</var>
<arg>json.loads($file)</arg>
<arg>json</arg>
<doc>Evaluates the given expression in Python and returns the result.</doc>
<msg timestamp="20220422 13:38:16.342" level="INFO">${super_var} = {'restaurant': 'STARBUGS COFFEE', 'desc': 'Nada melhor que um café pra te ajudar a resolver um bug.', 'products': [{'name': 'Cappuccino com Chantilly'}, {'name': 'Super Espreso'}, {'name': 'Starbugs 5...</msg>
<status status="PASS" starttime="20220422 13:38:16.335" endtime="20220422 13:38:16.342"/>
</kw>
<msg timestamp="20220422 13:38:16.343" level="INFO">${cart_json} = {'restaurant': 'STARBUGS COFFEE', 'desc': 'Nada melhor que um café pra te ajudar a resolver um bug.', 'products': [{'name': 'Cappuccino com Chantilly'}, {'name': 'Super Espreso'}, {'name': 'Starbugs 5...</msg>
<status status="PASS" starttime="20220422 13:38:16.333" endtime="20220422 13:38:16.343"/>
</kw>
<kw name="Go To Restaurant" library="search">
<kw name="Click" library="Browser">
<arg>text=Estou com fome!</arg>
<tag>PageContent</tag>
<tag>Setter</tag>
<doc>Simulates mouse click on the element found by ``selector``.</doc>
<status status="PASS" starttime="20220422 13:38:16.344" endtime="20220422 13:38:16.479"/>
</kw>
<kw name="Get Text" library="Browser">
<arg>h1 strong</arg>
<arg>contains</arg>
<arg>Ta na hora de matar a fome!</arg>
<tag>Assertion</tag>
<tag>Getter</tag>
<tag>PageContent</tag>
<doc>Returns text attribute of the element found by ``selector``.</doc>
<status status="PASS" starttime="20220422 13:38:16.480" endtime="20220422 13:38:16.502"/>
</kw>
<status status="PASS" starttime="20220422 13:38:16.344" endtime="20220422 13:38:16.502"/>
</kw>
<kw name="Choose Restaurant" library="search">
<arg>${cart_json}</arg>
<kw name="Click" library="Browser">
<arg>text=${super_var["restaurant"]}</arg>
<arg>force=true</arg>
<tag>PageContent</tag>
<tag>Setter</tag>
<doc>Simulates mouse click on the element found by ``selector``.</doc>
<status status="PASS" starttime="20220422 13:38:16.503" endtime="20220422 13:38:16.759"/>
</kw>
<kw name="Wait For Elements State" library="Browser">
<arg>css=#detail</arg>
<arg>visible</arg>
<arg>${DEFAULT_TIMEOUT}</arg>
<tag>PageContent</tag>
<tag>Wait</tag>
<doc>Waits for the element found by ``selector`` to satisfy state option.</doc>
<msg timestamp="20220422 13:38:16.777" level="INFO">Waited for Element with selector css=#detail at state visible</msg>
<status status="PASS" starttime="20220422 13:38:16.760" endtime="20220422 13:38:16.777"/>
</kw>
<kw name="Get Text" library="Browser">
<arg>css=#detail</arg>
<arg>contains</arg>
<arg>${super_var["desc"]}</arg>
<tag>Assertion</tag>
<tag>Getter</tag>
<tag>PageContent</tag>
<doc>Returns text attribute of the element found by ``selector``.</doc>
<status status="PASS" starttime="20220422 13:38:16.778" endtime="20220422 13:38:16.999"/>
</kw>
<status status="PASS" starttime="20220422 13:38:16.502" endtime="20220422 13:38:17.000"/>
</kw>
<for flavor="IN">
<var>${product}</var>
<value>@{cart_json["products"]}</value>
<iter>
<var name="${product}">{'name': 'Cappuccino com Chantilly'}</var>
<kw name="Add To Cart" library="cart">
<arg>${product["name"]}</arg>
<kw name="Click" library="Browser">
<arg>xpath=//span[text()="${name}"]/..//a[@class="add-to-cart"]</arg>
<tag>PageContent</tag>
<tag>Setter</tag>
<doc>Simulates mouse click on the element found by ``selector``.</doc>
<status status="PASS" starttime="20220422 13:38:17.004" endtime="20220422 13:38:17.423"/>
</kw>
<status status="PASS" starttime="20220422 13:38:17.002" endtime="20220422 13:38:17.423"/>
</kw>
<kw name="Should Add To Cart" library="cart">
<arg>${product["name"]}</arg>
<kw name="Wait For Elements State" library="Browser">
<arg>css=#cart tr &gt;&gt; text=${name}</arg>
<arg>visible</arg>
<arg>${DEFAULT_TIMEOUT}</arg>
<tag>PageContent</tag>
<tag>Wait</tag>
<doc>Waits for the element found by ``selector`` to satisfy state option.</doc>
<msg timestamp="20220422 13:38:17.459" level="INFO">Waited for Element with selector css=#cart tr &gt;&gt; text=Cappuccino com Chantilly at state visible</msg>
<status status="PASS" starttime="20220422 13:38:17.425" endtime="20220422 13:38:17.460"/>
</kw>
<status status="PASS" starttime="20220422 13:38:17.423" endtime="20220422 13:38:17.460"/>
</kw>
<status status="PASS" starttime="20220422 13:38:17.002" endtime="20220422 13:38:17.461"/>
</iter>
<iter>
<var name="${product}">{'name': 'Super Espreso'}</var>
<kw name="Add To Cart" library="cart">
<arg>${product["name"]}</arg>
<kw name="Click" library="Browser">
<arg>xpath=//span[text()="${name}"]/..//a[@class="add-to-cart"]</arg>
<tag>PageContent</tag>
<tag>Setter</tag>
<doc>Simulates mouse click on the element found by ``selector``.</doc>
<status status="PASS" starttime="20220422 13:38:17.463" endtime="20220422 13:38:17.585"/>
</kw>
<status status="PASS" starttime="20220422 13:38:17.461" endtime="20220422 13:38:17.586"/>
</kw>
<kw name="Should Add To Cart" library="cart">
<arg>${product["name"]}</arg>
<kw name="Wait For Elements State" library="Browser">
<arg>css=#cart tr &gt;&gt; text=${name}</arg>
<arg>visible</arg>
<arg>${DEFAULT_TIMEOUT}</arg>
<tag>PageContent</tag>
<tag>Wait</tag>
<doc>Waits for the element found by ``selector`` to satisfy state option.</doc>
<msg timestamp="20220422 13:38:17.600" level="INFO">Waited for Element with selector css=#cart tr &gt;&gt; text=Super Espreso at state visible</msg>
<status status="PASS" starttime="20220422 13:38:17.587" endtime="20220422 13:38:17.601"/>
</kw>
<status status="PASS" starttime="20220422 13:38:17.586" endtime="20220422 13:38:17.601"/>
</kw>
<status status="PASS" starttime="20220422 13:38:17.461" endtime="20220422 13:38:17.601"/>
</iter>
<iter>
<var name="${product}">{'name': 'Starbugs 500 error'}</var>
<kw name="Add To Cart" library="cart">
<arg>${product["name"]}</arg>
<kw name="Click" library="Browser">
<arg>xpath=//span[text()="${name}"]/..//a[@class="add-to-cart"]</arg>
<tag>PageContent</tag>
<tag>Setter</tag>
<doc>Simulates mouse click on the element found by ``selector``.</doc>
<status status="PASS" starttime="20220422 13:38:17.602" endtime="20220422 13:38:17.671"/>
</kw>
<status status="PASS" starttime="20220422 13:38:17.601" endtime="20220422 13:38:17.671"/>
</kw>
<kw name="Should Add To Cart" library="cart">
<arg>${product["name"]}</arg>
<kw name="Wait For Elements State" library="Browser">
<arg>css=#cart tr &gt;&gt; text=${name}</arg>
<arg>visible</arg>
<arg>${DEFAULT_TIMEOUT}</arg>
<tag>PageContent</tag>
<tag>Wait</tag>
<doc>Waits for the element found by ``selector`` to satisfy state option.</doc>
<msg timestamp="20220422 13:38:17.690" level="INFO">Waited for Element with selector css=#cart tr &gt;&gt; text=Starbugs 500 error at state visible</msg>
<status status="PASS" starttime="20220422 13:38:17.672" endtime="20220422 13:38:17.691"/>
</kw>
<status status="PASS" starttime="20220422 13:38:17.671" endtime="20220422 13:38:17.691"/>
</kw>
<status status="PASS" starttime="20220422 13:38:17.601" endtime="20220422 13:38:17.691"/>
</iter>
<status status="PASS" starttime="20220422 13:38:17.000" endtime="20220422 13:38:17.691"/>
</for>
<kw name="Total Cart Should Be" library="cart">
<arg>${cart_json["total"]}</arg>
<kw name="Log" library="BuiltIn">
<arg>${total}</arg>
<doc>Logs the given message with the given level.</doc>
<msg timestamp="20220422 13:38:17.694" level="INFO">38,00</msg>
<status status="PASS" starttime="20220422 13:38:17.693" endtime="20220422 13:38:17.694"/>
</kw>
<kw name="Get Text" library="Browser">
<arg>xpath=//th[contains(text(),"Total")]/..//td</arg>
<arg>contains</arg>
<arg>${total}</arg>
<tag>Assertion</tag>
<tag>Getter</tag>
<tag>PageContent</tag>
<doc>Returns text attribute of the element found by ``selector``.</doc>
<status status="PASS" starttime="20220422 13:38:17.694" endtime="20220422 13:38:17.723"/>
</kw>
<status status="PASS" starttime="20220422 13:38:17.691" endtime="20220422 13:38:17.723"/>
</kw>
<kw name="Take Screenshot" library="Browser" type="TEARDOWN">
<tag>PageContent</tag>
<doc>Takes a screenshot of the current window or element and saves it to disk.</doc>
<msg timestamp="20220422 13:38:17.991" level="INFO" html="true">&lt;/td&gt;&lt;/tr&gt;&lt;tr&gt;&lt;td colspan="3"&gt;&lt;a href="browser/screenshot/robotframework-browser-screenshot-5.png"&gt;&lt;img src="browser/screenshot/robotframework-browser-screenshot-5.png" width="800px"&gt;&lt;/a&gt;</msg>
<status status="PASS" starttime="20220422 13:38:17.724" endtime="20220422 13:38:17.991"/>
</kw>
<tag>3</tag>
<status status="PASS" starttime="20220422 13:38:10.043" endtime="20220422 13:38:17.992"/>
</test>
<status status="PASS" starttime="20220422 13:38:02.827" endtime="20220422 13:38:18.085"/>
</suite>
<suite id="s1-s3" name="Pedido" source="C:\Users\Elielson\Documents\parodifood\tests\pedido.robot">
<test id="s1-s3-t1" name="Deve realizar um novo pedido em Dinheiro">
<kw name="Start Session" library="base" type="SETUP">
<kw name="New Browser" library="Browser">
<arg>browser=chromium</arg>
<arg>headless=false</arg>
<tag>BrowserControl</tag>
<tag>Setter</tag>
<doc>Create a new playwright Browser with specified options.</doc>
<msg timestamp="20220422 13:38:18.125" level="INFO">{"browser": "chromium", "headless": false, "handleSIGINT": true, "handleSIGTERM": true, "handleSIGHUP": true, "timeout": 30000.0, "devtools": false, "slowMo": 0.0, "tracesDir": "C:\\Users\\Elielson\\Documents\\parodifood\\log\\browser\\traces\\914b2e6e-7e34-4e22-b439-d77b8af349bc"}</msg>
<msg timestamp="20220422 13:38:20.017" level="INFO">Successfully created browser with options: {"browser":"chromium","headless":false,"handleSIGINT":true,"handleSIGTERM":true,"handleSIGHUP":true,"timeout":30000,"devtools":false,"slowMo":0,"tracesDir":"C:\\Users\\Elielson\\Documents\\parodifood\\log\\browser\\traces\\914b2e6e-7e34-4e22-b439-d77b8af349bc"}</msg>
<status status="PASS" starttime="20220422 13:38:18.123" endtime="20220422 13:38:20.018"/>
</kw>
<kw name="New Page" library="Browser">
<arg>https://parodifood.herokuapp.com/</arg>
<tag>BrowserControl</tag>
<tag>Setter</tag>
<doc>Open a new Page.</doc>
<msg timestamp="20220422 13:38:23.567" level="INFO">Successfully initialized new page object and opened url: https://parodifood.herokuapp.com/</msg>
<msg timestamp="20220422 13:38:23.567" level="INFO">No context was open. New context was automatically opened when this page is created.</msg>
<status status="PASS" starttime="20220422 13:38:20.018" endtime="20220422 13:38:23.567"/>
</kw>
<kw name="Get Text" library="Browser">
<arg>xpath=//span[contains(.,'Nunca foi tão engraçado pedir comida')]</arg>
<arg>contains</arg>
<arg>Nunca foi tão engraçado pedir comida</arg>
<tag>Assertion</tag>
<tag>Getter</tag>
<tag>PageContent</tag>
<doc>Returns text attribute of the element found by ``selector``.</doc>
<status status="PASS" starttime="20220422 13:38:23.568" endtime="20220422 13:38:23.784"/>
</kw>
<status status="PASS" starttime="20220422 13:38:18.123" endtime="20220422 13:38:23.784"/>
</kw>
<kw name="Get jSON" library="base">
<var>${order_json}</var>
<arg>order.json</arg>
<kw name="Get File" library="OperatingSystem">
<var>${file}</var>
<arg>${EXECDIR}/resources/fixtures/${file_name}</arg>
<doc>Returns the contents of a specified file.</doc>
<msg timestamp="20220422 13:38:23.786" level="INFO" html="true">Getting file '&lt;a href="file://C:\Users\Elielson\Documents\parodifood\resources\fixtures\order.json"&gt;C:\Users\Elielson\Documents\parodifood\resources\fixtures\order.json&lt;/a&gt;'.</msg>
<msg timestamp="20220422 13:38:23.786" level="INFO">${file} = 
{
    "restaurant": "DEBUGER KING",
    "desc": "40 anos se especializando em trash food.",
    "products":
     [
        {
             "name": "Woopper Burger"
            },
        {
           ...</msg>
<status status="PASS" starttime="20220422 13:38:23.785" endtime="20220422 13:38:23.786"/>
</kw>
<kw name="Evaluate" library="BuiltIn">
<var>${super_var}</var>
<arg>json.loads($file)</arg>
<arg>json</arg>
<doc>Evaluates the given expression in Python and returns the result.</doc>
<msg timestamp="20220422 13:38:23.787" level="INFO">${super_var} = {'restaurant': 'DEBUGER KING', 'desc': '40 anos se especializando em trash food.', 'products': [{'name': 'Woopper Burger'}, {'name': 'Batatas Fritas'}, {'name': 'Refrigerante'}], 'total': '28,50', 'cu...</msg>
<status status="PASS" starttime="20220422 13:38:23.786" endtime="20220422 13:38:23.787"/>
</kw>
<msg timestamp="20220422 13:38:23.787" level="INFO">${order_json} = {'restaurant': 'DEBUGER KING', 'desc': '40 anos se especializando em trash food.', 'products': [{'name': 'Woopper Burger'}, {'name': 'Batatas Fritas'}, {'name': 'Refrigerante'}], 'total': '28,50', 'cu...</msg>
<status status="PASS" starttime="20220422 13:38:23.785" endtime="20220422 13:38:23.787"/>
</kw>
<kw name="Go To Restaurant" library="search">
<kw name="Click" library="Browser">
<arg>text=Estou com fome!</arg>
<tag>PageContent</tag>
<tag>Setter</tag>
<doc>Simulates mouse click on the element found by ``selector``.</doc>
<status status="PASS" starttime="20220422 13:38:23.788" endtime="20220422 13:38:23.912"/>
</kw>
<kw name="Get Text" library="Browser">
<arg>h1 strong</arg>
<arg>contains</arg>
<arg>Ta na hora de matar a fome!</arg>
<tag>Assertion</tag>
<tag>Getter</tag>
<tag>PageContent</tag>
<doc>Returns text attribute of the element found by ``selector``.</doc>
<status status="PASS" starttime="20220422 13:38:23.912" endtime="20220422 13:38:23.931"/>
</kw>
<status status="PASS" starttime="20220422 13:38:23.788" endtime="20220422 13:38:23.932"/>
</kw>
<kw name="Choose Restaurant" library="search">
<arg>${order_json}</arg>
<kw name="Click" library="Browser">
<arg>text=${super_var["restaurant"]}</arg>
<arg>force=true</arg>
<tag>PageContent</tag>
<tag>Setter</tag>
<doc>Simulates mouse click on the element found by ``selector``.</doc>
<status status="PASS" starttime="20220422 13:38:23.933" endtime="20220422 13:38:24.192"/>
</kw>
<kw name="Wait For Elements State" library="Browser">
<arg>css=#detail</arg>
<arg>visible</arg>
<arg>${DEFAULT_TIMEOUT}</arg>
<tag>PageContent</tag>
<tag>Wait</tag>
<doc>Waits for the element found by ``selector`` to satisfy state option.</doc>
<msg timestamp="20220422 13:38:24.206" level="INFO">Waited for Element with selector css=#detail at state visible</msg>
<status status="PASS" starttime="20220422 13:38:24.192" endtime="20220422 13:38:24.206"/>
</kw>
<kw name="Get Text" library="Browser">
<arg>css=#detail</arg>
<arg>contains</arg>
<arg>${super_var["desc"]}</arg>
<tag>Assertion</tag>
<tag>Getter</tag>
<tag>PageContent</tag>
<doc>Returns text attribute of the element found by ``selector``.</doc>
<status status="PASS" starttime="20220422 13:38:24.206" endtime="20220422 13:38:24.446"/>
</kw>
<status status="PASS" starttime="20220422 13:38:23.932" endtime="20220422 13:38:24.446"/>
</kw>
<for flavor="IN">
<var>${product}</var>
<value>@{order_json["products"]}</value>
<iter>
<var name="${product}">{'name': 'Woopper Burger'}</var>
<kw name="Add To Cart" library="cart">
<arg>${product["name"]}</arg>
<kw name="Click" library="Browser">
<arg>xpath=//span[text()="${name}"]/..//a[@class="add-to-cart"]</arg>
<tag>PageContent</tag>
<tag>Setter</tag>
<doc>Simulates mouse click on the element found by ``selector``.</doc>
<status status="PASS" starttime="20220422 13:38:24.451" endtime="20220422 13:38:24.864"/>
</kw>
<status status="PASS" starttime="20220422 13:38:24.448" endtime="20220422 13:38:24.864"/>
</kw>
<kw name="Should Add To Cart" library="cart">
<arg>${product["name"]}</arg>
<kw name="Wait For Elements State" library="Browser">
<arg>css=#cart tr &gt;&gt; text=${name}</arg>
<arg>visible</arg>
<arg>${DEFAULT_TIMEOUT}</arg>
<tag>PageContent</tag>
<tag>Wait</tag>
<doc>Waits for the element found by ``selector`` to satisfy state option.</doc>
<msg timestamp="20220422 13:38:24.882" level="INFO">Waited for Element with selector css=#cart tr &gt;&gt; text=Woopper Burger at state visible</msg>
<status status="PASS" starttime="20220422 13:38:24.866" endtime="20220422 13:38:24.883"/>
</kw>
<status status="PASS" starttime="20220422 13:38:24.864" endtime="20220422 13:38:24.883"/>
</kw>
<status status="PASS" starttime="20220422 13:38:24.448" endtime="20220422 13:38:24.883"/>
</iter>
<iter>
<var name="${product}">{'name': 'Batatas Fritas'}</var>
<kw name="Add To Cart" library="cart">
<arg>${product["name"]}</arg>
<kw name="Click" library="Browser">
<arg>xpath=//span[text()="${name}"]/..//a[@class="add-to-cart"]</arg>
<tag>PageContent</tag>
<tag>Setter</tag>
<doc>Simulates mouse click on the element found by ``selector``.</doc>
<status status="PASS" starttime="20220422 13:38:24.886" endtime="20220422 13:38:24.962"/>
</kw>
<status status="PASS" starttime="20220422 13:38:24.884" endtime="20220422 13:38:24.963"/>
</kw>
<kw name="Should Add To Cart" library="cart">
<arg>${product["name"]}</arg>
<kw name="Wait For Elements State" library="Browser">
<arg>css=#cart tr &gt;&gt; text=${name}</arg>
<arg>visible</arg>
<arg>${DEFAULT_TIMEOUT}</arg>
<tag>PageContent</tag>
<tag>Wait</tag>
<doc>Waits for the element found by ``selector`` to satisfy state option.</doc>
<msg timestamp="20220422 13:38:24.979" level="INFO">Waited for Element with selector css=#cart tr &gt;&gt; text=Batatas Fritas at state visible</msg>
<status status="PASS" starttime="20220422 13:38:24.965" endtime="20220422 13:38:24.980"/>
</kw>
<status status="PASS" starttime="20220422 13:38:24.963" endtime="20220422 13:38:24.980"/>
</kw>
<status status="PASS" starttime="20220422 13:38:24.884" endtime="20220422 13:38:24.980"/>
</iter>
<iter>
<var name="${product}">{'name': 'Refrigerante'}</var>
<kw name="Add To Cart" library="cart">
<arg>${product["name"]}</arg>
<kw name="Click" library="Browser">
<arg>xpath=//span[text()="${name}"]/..//a[@class="add-to-cart"]</arg>
<tag>PageContent</tag>
<tag>Setter</tag>
<doc>Simulates mouse click on the element found by ``selector``.</doc>
<status status="PASS" starttime="20220422 13:38:24.984" endtime="20220422 13:38:25.039"/>
</kw>
<status status="PASS" starttime="20220422 13:38:24.981" endtime="20220422 13:38:25.039"/>
</kw>
<kw name="Should Add To Cart" library="cart">
<arg>${product["name"]}</arg>
<kw name="Wait For Elements State" library="Browser">
<arg>css=#cart tr &gt;&gt; text=${name}</arg>
<arg>visible</arg>
<arg>${DEFAULT_TIMEOUT}</arg>
<tag>PageContent</tag>
<tag>Wait</tag>
<doc>Waits for the element found by ``selector`` to satisfy state option.</doc>
<msg timestamp="20220422 13:38:25.058" level="INFO">Waited for Element with selector css=#cart tr &gt;&gt; text=Refrigerante at state visible</msg>
<status status="PASS" starttime="20220422 13:38:25.040" endtime="20220422 13:38:25.059"/>
</kw>
<status status="PASS" starttime="20220422 13:38:25.039" endtime="20220422 13:38:25.059"/>
</kw>
<status status="PASS" starttime="20220422 13:38:24.980" endtime="20220422 13:38:25.059"/>
</iter>
<status status="PASS" starttime="20220422 13:38:24.447" endtime="20220422 13:38:25.059"/>
</for>
<kw name="Go Checkout" library="order">
<kw name="Click" library="Browser">
<arg>text=Fechar Pedido</arg>
<tag>PageContent</tag>
<tag>Setter</tag>
<doc>Simulates mouse click on the element found by ``selector``.</doc>
<status status="PASS" starttime="20220422 13:38:25.060" endtime="20220422 13:38:25.213"/>
</kw>
<kw name="Set Variable" library="BuiltIn">
<var>${element}</var>
<arg>.page-header</arg>
<doc>Returns the given values which can then be assigned to a variables.</doc>
<msg timestamp="20220422 13:38:25.214" level="INFO">${element} = .page-header</msg>
<status status="PASS" starttime="20220422 13:38:25.214" endtime="20220422 13:38:25.214"/>
</kw>
<kw name="Log" library="BuiltIn">
<arg>${element}</arg>
<doc>Logs the given message with the given level.</doc>
<msg timestamp="20220422 13:38:25.214" level="INFO">.page-header</msg>
<status status="PASS" starttime="20220422 13:38:25.214" endtime="20220422 13:38:25.214"/>
</kw>
<kw name="Wait For Elements State" library="Browser">
<arg>css=${element}</arg>
<arg>visible</arg>
<arg>${DEFAULT_TIMEOUT}</arg>
<tag>PageContent</tag>
<tag>Wait</tag>
<doc>Waits for the element found by ``selector`` to satisfy state option.</doc>
<msg timestamp="20220422 13:38:25.229" level="INFO">Waited for Element with selector css=.page-header at state visible</msg>
<status status="PASS" starttime="20220422 13:38:25.214" endtime="20220422 13:38:25.229"/>
</kw>
<kw name="Get Text" library="Browser">
<arg>css=${element}</arg>
<arg>contains</arg>
<arg>Finalize o seu pedido</arg>
<tag>Assertion</tag>
<tag>Getter</tag>
<tag>PageContent</tag>
<doc>Returns text attribute of the element found by ``selector``.</doc>
<status status="PASS" starttime="20220422 13:38:25.229" endtime="20220422 13:38:25.255"/>
</kw>
<status status="PASS" starttime="20220422 13:38:25.059" endtime="20220422 13:38:25.255"/>
</kw>
<kw name=" Fill Data Customer" library="order">
<arg>${order_json["customer"]}</arg>
<kw name="Fill Text" library="Browser">
<arg>css=input[placeholder="Nome"]</arg>
<arg>${customer}</arg>
<tag>PageContent</tag>
<tag>Setter</tag>
<doc>Clears and fills the given ``txt`` into the text field found by ``selector``.</doc>
<msg timestamp="20220422 13:38:25.257" level="INFO">Fills the text '{'name': 'Elielson silva', 'email': 'elielson@hotmail.com', 'address': 'Rua dos Bugs', 'number': '369'}' in the given field.</msg>
<status status="PASS" starttime="20220422 13:38:25.257" endtime="20220422 13:38:25.299"/>
</kw>
<kw name="Fill Text" library="Browser">
<arg>css=input[placeholder="E-mail"]</arg>
<arg>${customer["email"]}</arg>
<tag>PageContent</tag>
<tag>Setter</tag>
<doc>Clears and fills the given ``txt`` into the text field found by ``selector``.</doc>
<msg timestamp="20220422 13:38:25.301" level="INFO">Fills the text 'elielson@hotmail.com' in the given field.</msg>
<status status="PASS" starttime="20220422 13:38:25.299" endtime="20220422 13:38:25.376"/>
</kw>
<kw name="Fill Text" library="Browser">
<arg>css=input[placeholder^="Confirmação"]</arg>
<arg>${customer["email"]}</arg>
<tag>PageContent</tag>
<tag>Setter</tag>
<doc>Clears and fills the given ``txt`` into the text field found by ``selector``.</doc>
<msg timestamp="20220422 13:38:25.377" level="INFO">Fills the text 'elielson@hotmail.com' in the given field.</msg>
<status status="PASS" starttime="20220422 13:38:25.376" endtime="20220422 13:38:25.424"/>
</kw>
<kw name="Fill Text" library="Browser">
<arg>css=input[placeholder="Endereço"]</arg>
<arg>${customer["address"]}</arg>
<tag>PageContent</tag>
<tag>Setter</tag>
<doc>Clears and fills the given ``txt`` into the text field found by ``selector``.</doc>
<msg timestamp="20220422 13:38:25.425" level="INFO">Fills the text 'Rua dos Bugs' in the given field.</msg>
<status status="PASS" starttime="20220422 13:38:25.424" endtime="20220422 13:38:25.456"/>
</kw>
<kw name="Fill Text" library="Browser">
<arg>css=input[placeholder="Número"]</arg>
<arg>${customer["number"]}</arg>
<tag>PageContent</tag>
<tag>Setter</tag>
<doc>Clears and fills the given ``txt`` into the text field found by ``selector``.</doc>
<msg timestamp="20220422 13:38:25.457" level="INFO">Fills the text '369' in the given field.</msg>
<status status="PASS" starttime="20220422 13:38:25.456" endtime="20220422 13:38:25.495"/>
</kw>
<status status="PASS" starttime="20220422 13:38:25.255" endtime="20220422 13:38:25.495"/>
</kw>
<kw name="Select Payment Option" library="order">
<arg>${order_json["payment"]}</arg>
<if>
<branch type="IF" condition="&quot;${payment}&quot; == &quot;Dinheiro&quot;">
<kw name="Click" library="Browser">
<arg>xpath=(//mt-radio//label)[1]//div</arg>
<tag>PageContent</tag>
<tag>Setter</tag>
<doc>Simulates mouse click on the element found by ``selector``.</doc>
<status status="PASS" starttime="20220422 13:38:25.497" endtime="20220422 13:38:25.561"/>
</kw>
<status status="PASS" starttime="20220422 13:38:25.497" endtime="20220422 13:38:25.561"/>
</branch>
<branch type="ELSE IF" condition="&quot;${payment}&quot; === &quot;Cartão de Débito&quot;">
<kw name="Click" library="Browser">
<arg>xpath=(//mt-radio//label)[2]//div</arg>
<tag>PageContent</tag>
<tag>Setter</tag>
<doc>Simulates mouse click on the element found by ``selector``.</doc>
<status status="NOT RUN" starttime="20220422 13:38:25.562" endtime="20220422 13:38:25.562"/>
</kw>
<status status="NOT RUN" starttime="20220422 13:38:25.561" endtime="20220422 13:38:25.562"/>
</branch>
<branch type="ELSE IF" condition="&quot;${payment}&quot; == &quot;Cartão Refeição&quot;">
<kw name="Click" library="Browser">
<arg>xpath=(//mt-radio//label)[3]//div</arg>
<tag>PageContent</tag>
<tag>Setter</tag>
<doc>Simulates mouse click on the element found by ``selector``.</doc>
<status status="NOT RUN" starttime="20220422 13:38:25.562" endtime="20220422 13:38:25.562"/>
</kw>
<status status="NOT RUN" starttime="20220422 13:38:25.562" endtime="20220422 13:38:25.562"/>
</branch>
<branch type="ELSE">
<kw name="Fail" library="BuiltIn">
<arg>Incorret payment type</arg>
<doc>Fails the test with the given message and optionally alters its tags.</doc>
<status status="NOT RUN" starttime="20220422 13:38:25.563" endtime="20220422 13:38:25.563"/>
</kw>
<status status="NOT RUN" starttime="20220422 13:38:25.562" endtime="20220422 13:38:25.563"/>
</branch>
<status status="PASS" starttime="20220422 13:38:25.497" endtime="20220422 13:38:25.563"/>
</if>
<status status="PASS" starttime="20220422 13:38:25.496" endtime="20220422 13:38:25.563"/>
</kw>
<kw name="Pay order" library="order">
<kw name="Click" library="Browser">
<arg>text=Concluir Pedido</arg>
<tag>PageContent</tag>
<tag>Setter</tag>
<doc>Simulates mouse click on the element found by ``selector``.</doc>
<status status="PASS" starttime="20220422 13:38:25.564" endtime="20220422 13:38:25.640"/>
</kw>
<status status="PASS" starttime="20220422 13:38:25.564" endtime="20220422 13:38:25.641"/>
</kw>
<kw name="Order Should Be Completed" library="order">
<kw name="Wait For Elements State" library="Browser">
<arg>css=p &gt;&gt; text=Seu pedido foi recebido pelo restaurante.</arg>
<arg>visible</arg>
<arg>${DEFAULT_TIMEOUT}</arg>
<tag>PageContent</tag>
<tag>Wait</tag>
<doc>Waits for the element found by ``selector`` to satisfy state option.</doc>
<msg timestamp="20220422 13:38:25.842" level="INFO">Waited for Element with selector css=p &gt;&gt; text=Seu pedido foi recebido pelo restaurante. at state visible</msg>
<status status="PASS" starttime="20220422 13:38:25.642" endtime="20220422 13:38:25.842"/>
</kw>
<status status="PASS" starttime="20220422 13:38:25.641" endtime="20220422 13:38:25.843"/>
</kw>
<kw name="Take Screenshot" library="Browser" type="TEARDOWN">
<tag>PageContent</tag>
<doc>Takes a screenshot of the current window or element and saves it to disk.</doc>
<msg timestamp="20220422 13:38:26.014" level="INFO" html="true">&lt;/td&gt;&lt;/tr&gt;&lt;tr&gt;&lt;td colspan="3"&gt;&lt;a href="browser/screenshot/robotframework-browser-screenshot-6.png"&gt;&lt;img src="browser/screenshot/robotframework-browser-screenshot-6.png" width="800px"&gt;&lt;/a&gt;</msg>
<status status="PASS" starttime="20220422 13:38:25.844" endtime="20220422 13:38:26.014"/>
</kw>
<status status="PASS" starttime="20220422 13:38:18.119" endtime="20220422 13:38:26.015"/>
</test>
<status status="PASS" starttime="20220422 13:38:18.091" endtime="20220422 13:38:26.099"/>
</suite>
<status status="PASS" starttime="20220422 13:37:40.719" endtime="20220422 13:38:26.108"/>
</suite>
<statistics>
<total>
<stat pass="6" fail="0" skip="0">All Tests</stat>
</total>
<tag>
<stat pass="1" fail="0" skip="0">3</stat>
</tag>
<suite>
<stat pass="6" fail="0" skip="0" id="s1" name="Tests">Tests</stat>
<stat pass="3" fail="0" skip="0" id="s1-s1" name="Busca">Tests.Busca</stat>
<stat pass="2" fail="0" skip="0" id="s1-s2" name="Carrinho">Tests.Carrinho</stat>
<stat pass="1" fail="0" skip="0" id="s1-s3" name="Pedido">Tests.Pedido</stat>
</suite>
</statistics>
<errors>
</errors>
</robot>
